TN:
SF:src\__fixtures__\players.ts
FNF:0
FNH:0
DA:3,4
DA:22,4
LF:2
LH:2
BRF:0
BRH:0
end_of_record
TN:
SF:src\games\BaseGame.ts
FN:17,(anonymous_0)
FN:30,(anonymous_1)
FNF:2
FNH:2
FNDA:3,(anonymous_0)
FNDA:3,(anonymous_1)
DA:18,0
DA:31,0
LF:2
LH:0
BRF:0
BRH:0
end_of_record
TN:
SF:src\games\CardGame.ts
FN:18,(anonymous_0)
FN:19,(anonymous_1)
FN:44,(anonymous_2)
FN:48,(anonymous_3)
FN:58,(anonymous_4)
FN:65,(anonymous_5)
FN:67,(anonymous_6)
FN:68,(anonymous_7)
FN:79,(anonymous_8)
FN:80,(anonymous_9)
FN:83,(anonymous_10)
FN:91,(anonymous_11)
FN:100,(anonymous_12)
FN:106,(anonymous_13)
FN:126,(anonymous_14)
FN:133,(anonymous_15)
FN:159,(anonymous_16)
FN:163,(anonymous_17)
FN:167,(anonymous_18)
FN:173,(anonymous_19)
FN:179,(anonymous_20)
FN:193,(anonymous_21)
FN:232,(anonymous_22)
FN:234,(anonymous_23)
FN:249,(anonymous_24)
FN:251,(anonymous_25)
FN:252,(anonymous_26)
FN:257,(anonymous_27)
FN:266,(anonymous_28)
FN:268,(anonymous_29)
FN:269,(anonymous_30)
FN:282,(anonymous_31)
FNF:32
FNH:28
FNDA:80,(anonymous_0)
FNDA:960,(anonymous_1)
FNDA:23,(anonymous_2)
FNDA:21,(anonymous_3)
FNDA:80,(anonymous_4)
FNDA:80,(anonymous_5)
FNDA:80,(anonymous_6)
FNDA:800,(anonymous_7)
FNDA:181,(anonymous_8)
FNDA:432,(anonymous_9)
FNDA:724,(anonymous_10)
FNDA:242,(anonymous_11)
FNDA:5,(anonymous_12)
FNDA:169,(anonymous_13)
FNDA:177,(anonymous_14)
FNDA:871,(anonymous_15)
FNDA:169,(anonymous_16)
FNDA:1,(anonymous_17)
FNDA:1,(anonymous_18)
FNDA:1,(anonymous_19)
FNDA:0,(anonymous_20)
FNDA:23,(anonymous_21)
FNDA:0,(anonymous_22)
FNDA:0,(anonymous_23)
FNDA:40,(anonymous_24)
FNDA:160,(anonymous_25)
FNDA:0,(anonymous_26)
FNDA:160,(anonymous_27)
FNDA:3,(anonymous_28)
FNDA:12,(anonymous_29)
FNDA:12,(anonymous_30)
FNDA:168,(anonymous_31)
DA:9,2
DA:10,2
DA:11,2
DA:12,2
DA:18,2
DA:19,960
DA:29,23
DA:40,23
DA:41,23
DA:42,23
DA:45,1
DA:49,21
DA:51,21
DA:52,1
DA:55,20
DA:56,20
DA:58,80
DA:65,80
DA:67,20
DA:68,800
DA:70,20
DA:72,21
DA:73,21
DA:74,21
DA:80,432
DA:81,181
DA:83,724
DA:91,242
DA:101,5
DA:107,169
DA:108,0
DA:111,169
DA:112,1
DA:115,168
DA:116,2
DA:119,166
DA:121,166
DA:122,1
DA:125,165
DA:126,177
DA:128,165
DA:129,1
DA:132,164
DA:133,871
DA:134,121
DA:135,0
DA:139,164
DA:140,164
DA:142,164
DA:143,43
DA:146,164
DA:148,164
DA:149,40
DA:150,40
DA:153,124
DA:154,124
DA:160,169
DA:164,1
DA:168,1
DA:169,1
DA:170,0
DA:174,1
DA:180,0
DA:194,0
DA:195,0
DA:198,0
DA:200,0
DA:201,0
DA:203,0
DA:204,0
DA:206,0
DA:207,0
DA:209,0
DA:210,0
DA:212,0
DA:213,0
DA:215,0
DA:216,0
DA:219,0
DA:231,0
DA:232,0
DA:234,0
DA:236,0
DA:237,0
DA:238,0
DA:239,0
DA:240,0
DA:241,0
DA:242,0
DA:243,0
DA:244,0
DA:250,40
DA:251,160
DA:252,40
DA:253,0
DA:256,40
DA:257,160
DA:259,40
DA:260,40
DA:261,40
DA:263,40
DA:267,3
DA:268,12
DA:269,12
DA:271,3
DA:272,3
DA:273,3
DA:275,0
DA:276,0
DA:283,168
DA:284,167
DA:285,167
DA:286,166
DA:287,166
LF:114
LH:79
BRDA:19,0,0,960
BRDA:19,0,1,960
BRDA:51,1,0,1
BRDA:51,1,1,20
BRDA:68,2,0,800
BRDA:68,2,1,20
BRDA:70,3,0,20
BRDA:70,3,1,0
BRDA:80,4,0,173
BRDA:80,4,1,8
BRDA:88,5,0,724
BRDA:88,5,1,0
BRDA:90,6,0,181
BRDA:90,6,1,173
BRDA:107,7,0,0
BRDA:107,7,1,169
BRDA:111,8,0,1
BRDA:111,8,1,168
BRDA:115,9,0,2
BRDA:115,9,1,166
BRDA:121,10,0,1
BRDA:121,10,1,165
BRDA:126,11,0,177
BRDA:126,11,1,164
BRDA:128,12,0,1
BRDA:128,12,1,164
BRDA:132,13,0,121
BRDA:132,13,1,43
BRDA:132,14,0,164
BRDA:132,14,1,121
BRDA:134,15,0,0
BRDA:134,15,1,121
BRDA:134,16,0,121
BRDA:134,16,1,0
BRDA:142,17,0,43
BRDA:142,17,1,121
BRDA:148,18,0,40
BRDA:148,18,1,124
BRDA:168,19,0,0
BRDA:168,19,1,1
BRDA:169,20,0,1
BRDA:169,20,1,0
BRDA:194,21,0,0
BRDA:194,21,1,0
BRDA:194,22,0,0
BRDA:194,22,1,0
BRDA:200,23,0,0
BRDA:200,23,1,0
BRDA:200,24,0,0
BRDA:200,24,1,0
BRDA:203,25,0,0
BRDA:203,25,1,0
BRDA:206,26,0,0
BRDA:206,26,1,0
BRDA:209,27,0,0
BRDA:209,27,1,0
BRDA:212,28,0,0
BRDA:212,28,1,0
BRDA:212,29,0,0
BRDA:212,29,1,0
BRDA:215,30,0,0
BRDA:215,30,1,0
BRDA:253,31,0,0
BRDA:253,31,1,0
BRDA:256,32,0,40
BRDA:256,32,1,0
BRDA:263,33,0,3
BRDA:263,33,1,37
BRDA:271,34,0,3
BRDA:271,34,1,0
BRDA:283,35,0,1
BRDA:283,35,1,167
BRDA:283,36,0,168
BRDA:283,36,1,168
BRDA:285,37,0,1
BRDA:285,37,1,166
BRDA:285,38,0,167
BRDA:285,38,1,166
BRDA:288,39,0,166
BRDA:288,39,1,166
BRDA:288,39,2,166
BRDA:288,39,3,166
BRF:82
BRH:51
end_of_record
TN:
SF:src\games\GameFactory.ts
FN:11,(anonymous_0)
FN:17,(anonymous_1)
FN:23,(anonymous_2)
FN:27,(anonymous_3)
FNF:4
FNH:4
FNDA:3,(anonymous_0)
FNDA:3,(anonymous_1)
FNDA:5,(anonymous_2)
FNDA:1,(anonymous_3)
DA:8,1
DA:10,1
DA:12,3
DA:13,3
DA:14,2
DA:18,3
DA:19,3
DA:20,2
DA:24,5
DA:28,1
LF:10
LH:10
BRDA:13,0,0,1
BRDA:13,0,1,2
BRDA:19,1,0,1
BRDA:19,1,1,2
BRDA:24,2,0,5
BRDA:24,2,1,3
BRF:6
BRH:6
end_of_record
TN:
SF:src\games\TicTacToe.ts
FN:23,(anonymous_0)
FN:38,(anonymous_1)
FN:44,(anonymous_2)
FN:49,(anonymous_3)
FN:56,(anonymous_4)
FN:60,(anonymous_5)
FN:65,(anonymous_6)
FN:70,(anonymous_7)
FN:75,(anonymous_8)
FN:122,(anonymous_9)
FN:126,(anonymous_10)
FN:130,(anonymous_11)
FN:137,(anonymous_12)
FN:143,(anonymous_13)
FN:146,(anonymous_14)
FN:155,(anonymous_15)
FNF:16
FNH:15
FNDA:32,(anonymous_0)
FNDA:34,(anonymous_1)
FNDA:9,(anonymous_2)
FNDA:18,(anonymous_3)
FNDA:0,(anonymous_4)
FNDA:69,(anonymous_5)
FNDA:10,(anonymous_6)
FNDA:167,(anonymous_7)
FNDA:78,(anonymous_8)
FNDA:7,(anonymous_9)
FNDA:9,(anonymous_10)
FNDA:9,(anonymous_11)
FNDA:3,(anonymous_12)
FNDA:1,(anonymous_13)
FNDA:2,(anonymous_14)
FNDA:34,(anonymous_15)
DA:9,34
DA:18,34
DA:19,34
DA:20,34
DA:21,34
DA:24,32
DA:26,32
DA:27,1
DA:30,31
DA:34,31
DA:35,31
DA:39,1
DA:45,9
DA:49,18
DA:57,0
DA:61,69
DA:62,510
DA:63,510
DA:64,10
DA:65,10
DA:66,10
DA:67,10
DA:70,167
DA:76,78
DA:77,1
DA:80,77
DA:81,1
DA:84,76
DA:85,2
DA:88,74
DA:89,1
DA:92,73
DA:94,73
DA:95,3
DA:98,70
DA:99,1
DA:102,69
DA:103,69
DA:104,69
DA:106,69
DA:108,69
DA:109,58
DA:112,69
DA:123,7
DA:127,9
DA:131,9
DA:132,9
DA:138,3
DA:144,1
DA:146,2
DA:156,2
DA:166,2
DA:167,1
DA:170,1
DA:171,1
DA:172,1
DA:173,1
DA:174,1
DA:175,1
DA:176,1
DA:177,2
DA:178,2
LF:62
LH:61
BRDA:26,0,0,1
BRDA:26,0,1,31
BRDA:52,1,0,9
BRDA:52,1,1,9
BRDA:63,2,0,10
BRDA:63,2,1,500
BRDA:63,3,0,510
BRDA:63,3,1,279
BRDA:63,3,2,55
BRDA:70,4,0,1
BRDA:70,4,1,58
BRDA:76,5,0,1
BRDA:76,5,1,77
BRDA:80,6,0,1
BRDA:80,6,1,76
BRDA:84,7,0,2
BRDA:84,7,1,74
BRDA:84,8,0,76
BRDA:84,8,1,76
BRDA:84,8,2,75
BRDA:88,9,0,1
BRDA:88,9,1,73
BRDA:94,10,0,3
BRDA:94,10,1,70
BRDA:94,11,0,73
BRDA:94,11,1,72
BRDA:94,11,2,71
BRDA:98,12,0,1
BRDA:98,12,1,69
BRDA:108,13,0,58
BRDA:108,13,1,11
BRDA:109,14,0,31
BRDA:109,14,1,27
BRDA:115,15,0,69
BRDA:115,15,1,58
BRDA:116,16,0,78
BRDA:116,16,1,59
BRDA:131,17,0,0
BRDA:131,17,1,9
BRDA:132,18,0,8
BRDA:132,18,1,1
BRDA:166,19,0,1
BRDA:166,19,1,1
BRDA:166,20,0,2
BRDA:166,20,1,1
BRDA:176,21,0,1
BRDA:176,21,1,1
BRDA:177,22,0,2
BRDA:177,22,1,0
BRF:49
BRH:47
end_of_record
TN:
SF:src\services\roomService.ts
FN:18,(anonymous_0)
FN:20,(anonymous_1)
FN:31,(anonymous_2)
FN:67,(anonymous_3)
FN:78,(anonymous_4)
FN:110,(anonymous_5)
FN:130,(anonymous_6)
FN:134,(anonymous_7)
FN:141,(anonymous_8)
FN:157,(anonymous_9)
FN:166,(anonymous_10)
FN:176,(anonymous_11)
FN:177,(anonymous_12)
FN:180,(anonymous_13)
FN:194,(anonymous_14)
FN:198,(anonymous_15)
FN:202,(anonymous_16)
FN:212,(anonymous_17)
FN:218,(anonymous_18)
FN:220,(anonymous_19)
FN:226,(anonymous_20)
FN:230,(anonymous_21)
FN:235,(anonymous_22)
FN:239,(anonymous_23)
FN:251,(anonymous_24)
FN:255,(anonymous_25)
FN:280,(anonymous_26)
FNF:27
FNH:21
FNDA:43,(anonymous_0)
FNDA:36,(anonymous_1)
FNDA:14,(anonymous_2)
FNDA:10,(anonymous_3)
FNDA:17,(anonymous_4)
FNDA:3,(anonymous_5)
FNDA:9,(anonymous_6)
FNDA:9,(anonymous_7)
FNDA:9,(anonymous_8)
FNDA:4,(anonymous_9)
FNDA:8,(anonymous_10)
FNDA:3,(anonymous_11)
FNDA:7,(anonymous_12)
FNDA:4,(anonymous_13)
FNDA:4,(anonymous_14)
FNDA:4,(anonymous_15)
FNDA:1,(anonymous_16)
FNDA:1,(anonymous_17)
FNDA:1,(anonymous_18)
FNDA:1,(anonymous_19)
FNDA:0,(anonymous_20)
FNDA:0,(anonymous_21)
FNDA:0,(anonymous_22)
FNDA:0,(anonymous_23)
FNDA:0,(anonymous_24)
FNDA:0,(anonymous_25)
FNDA:3,(anonymous_26)
DA:18,43
DA:19,1
DA:20,36
DA:31,1
DA:37,14
DA:39,14
DA:56,14
DA:58,14
DA:59,14
DA:60,14
DA:61,14
DA:62,14
DA:64,14
DA:67,1
DA:68,10
DA:69,10
DA:70,7
DA:78,1
DA:82,17
DA:83,17
DA:85,17
DA:86,17
DA:88,17
DA:89,17
DA:90,0
DA:91,0
DA:94,17
DA:95,17
DA:96,17
DA:98,17
DA:99,17
DA:101,17
DA:104,15
DA:107,0
DA:110,1
DA:111,3
DA:112,3
DA:114,2
DA:115,2
DA:116,2
DA:118,2
DA:119,3
DA:121,2
DA:122,0
DA:125,2
DA:130,1
DA:134,9
DA:135,9
DA:136,0
DA:138,9
DA:139,1
DA:141,9
DA:142,1
DA:145,7
DA:150,7
DA:153,7
DA:154,7
DA:157,1
DA:161,4
DA:163,4
DA:164,4
DA:166,4
DA:167,8
DA:171,4
DA:172,1
DA:173,1
DA:176,3
DA:177,7
DA:180,4
DA:184,3
DA:186,3
DA:189,3
DA:194,1
DA:198,4
DA:199,4
DA:200,0
DA:202,4
DA:203,1
DA:205,3
DA:208,4
DA:209,4
DA:212,1
DA:216,1
DA:218,1
DA:220,1
DA:226,1
DA:230,0
DA:235,1
DA:239,0
DA:240,0
DA:242,0
DA:245,0
DA:251,1
DA:252,0
DA:253,0
DA:255,0
DA:256,0
DA:258,0
DA:259,0
DA:261,0
DA:262,0
DA:263,0
DA:264,0
DA:266,0
DA:271,0
DA:272,0
DA:275,0
DA:280,1
DA:281,3
LF:109
LH:84
BRDA:35,0,0,14
BRDA:69,1,0,3
BRDA:69,1,1,7
BRDA:89,2,0,0
BRDA:89,2,1,17
BRDA:104,3,0,15
BRDA:104,3,1,0
BRDA:112,4,0,1
BRDA:112,4,1,2
BRDA:135,5,0,0
BRDA:135,5,1,9
BRDA:138,6,0,1
BRDA:138,6,1,8
BRDA:141,7,0,1
BRDA:141,7,1,7
BRDA:164,8,0,0
BRDA:164,8,1,4
BRDA:171,9,0,1
BRDA:171,9,1,3
BRDA:184,10,0,1
BRDA:184,10,1,2
BRDA:199,11,0,0
BRDA:199,11,1,4
BRDA:202,12,0,1
BRDA:202,12,1,3
BRDA:242,13,0,0
BRDA:242,13,1,0
BRDA:253,14,0,0
BRDA:253,14,1,0
BRDA:263,15,0,0
BRDA:263,15,1,0
BRDA:271,16,0,0
BRDA:271,16,1,0
BRF:33
BRH:20
end_of_record
TN:
SF:src\utils\constants.ts
FNF:0
FNH:0
DA:1,1
DA:2,1
DA:3,1
DA:4,1
DA:5,1
DA:9,1
LF:6
LH:6
BRF:0
BRH:0
end_of_record
TN:
SF:src\utils\deck.ts
FN:6,(anonymous_0)
FNF:1
FNH:1
FNDA:20,(anonymous_0)
DA:3,2
DA:4,2
DA:6,2
DA:7,20
DA:8,1040
DA:9,20
LF:6
LH:6
BRF:0
BRH:0
end_of_record
TN:
SF:src\utils\escapeHtml.ts
FN:9,(anonymous_0)
FN:10,(anonymous_1)
FNF:2
FNH:2
FNDA:13,(anonymous_0)
FNDA:24,(anonymous_1)
DA:1,2
DA:9,2
DA:10,24
LF:3
LH:3
BRDA:10,0,0,24
BRDA:10,0,1,0
BRF:2
BRH:1
end_of_record
TN:
SF:src\utils\escapeRegex.ts
FN:5,(anonymous_0)
FN:11,(anonymous_1)
FNF:2
FNH:2
FNDA:7,(anonymous_0)
FNDA:6,(anonymous_1)
DA:5,1
DA:6,7
DA:11,1
DA:12,6
LF:4
LH:4
BRF:0
BRH:0
end_of_record
TN:
SF:src\utils\generateRoomCode.ts
FN:7,(anonymous_0)
FNF:1
FNH:1
FNDA:10116,(anonymous_0)
DA:7,2
DA:8,10116
LF:2
LH:2
BRF:0
BRH:0
end_of_record
TN:
SF:src\utils\shuffle.ts
FN:7,(anonymous_0)
FNF:1
FNH:1
FNDA:6,(anonymous_0)
DA:7,1
DA:8,6
DA:9,6
DA:10,204
DA:11,204
DA:12,204
DA:14,6
LF:7
LH:7
BRF:0
BRH:0
end_of_record
TN:
SF:src\validators\socketValidators.ts
FN:14,(anonymous_0)
FN:23,(anonymous_1)
FN:42,(anonymous_2)
FN:61,(anonymous_3)
FN:82,(anonymous_4)
FN:104,(anonymous_5)
FNF:6
FNH:6
FNDA:8,(anonymous_0)
FNDA:6,(anonymous_1)
FNDA:6,(anonymous_2)
FNDA:7,(anonymous_3)
FNDA:6,(anonymous_4)
FNDA:4,(anonymous_5)
DA:12,1
DA:14,1
DA:15,8
DA:19,1
DA:23,1
DA:26,6
DA:27,1
DA:29,5
DA:31,5
DA:32,5
DA:34,3
DA:35,3
DA:37,2
DA:42,1
DA:45,6
DA:46,1
DA:48,5
DA:50,5
DA:51,2
DA:53,3
DA:54,1
DA:56,2
DA:61,1
DA:64,7
DA:65,1
DA:67,6
DA:69,6
DA:70,6
DA:72,5
DA:74,5
DA:75,2
DA:77,3
DA:82,1
DA:85,6
DA:86,1
DA:88,5
DA:90,5
DA:91,2
DA:93,3
DA:94,2
DA:96,1
DA:104,1
DA:107,4
DA:108,1
DA:110,3
DA:112,3
DA:113,3
DA:115,2
LF:48
LH:48
BRDA:15,0,0,8
BRDA:15,0,1,7
BRDA:26,1,0,1
BRDA:26,1,1,5
BRDA:26,2,0,6
BRDA:26,2,1,6
BRDA:31,3,0,2
BRDA:31,3,1,3
BRDA:34,4,0,1
BRDA:34,4,1,2
BRDA:45,5,0,1
BRDA:45,5,1,5
BRDA:45,6,0,6
BRDA:45,6,1,5
BRDA:50,7,0,2
BRDA:50,7,1,3
BRDA:50,8,0,5
BRDA:50,8,1,5
BRDA:53,9,0,1
BRDA:53,9,1,2
BRDA:53,10,0,3
BRDA:53,10,1,2
BRDA:56,11,0,2
BRDA:56,11,1,1
BRDA:64,12,0,1
BRDA:64,12,1,6
BRDA:64,13,0,7
BRDA:64,13,1,7
BRDA:69,14,0,1
BRDA:69,14,1,5
BRDA:74,15,0,2
BRDA:74,15,1,3
BRDA:74,16,0,5
BRDA:74,16,1,4
BRDA:85,17,0,1
BRDA:85,17,1,5
BRDA:85,18,0,6
BRDA:85,18,1,6
BRDA:90,19,0,2
BRDA:90,19,1,3
BRDA:90,20,0,5
BRDA:90,20,1,4
BRDA:93,21,0,2
BRDA:93,21,1,1
BRDA:93,22,0,3
BRDA:93,22,1,3
BRDA:93,22,2,2
BRDA:107,23,0,1
BRDA:107,23,1,3
BRDA:107,24,0,4
BRDA:107,24,1,4
BRDA:112,25,0,1
BRDA:112,25,1,2
BRF:53
BRH:53
end_of_record
